<?xml version="1.0" encoding="UTF-8"?>
<coverage generated="1780542079593" clover="3.2.0">
  <project timestamp="1780542079593" name="All files">
    <metrics statements="101" coveredstatements="101" conditionals="42" coveredconditionals="41" methods="7" coveredmethods="7" elements="150" coveredelements="149" complexity="0" loc="101" ncloc="101" packages="1" files="1" classes="1"/>
    <file name="CodeQualityGates.ts" path="/home/hermes/projects/pixel-pal-web/src/quality/CodeQualityGates.ts">
      <metrics statements="101" coveredstatements="101" conditionals="42" coveredconditionals="41" methods="7" coveredmethods="7"/>
      <line num="38" count="1" type="cond" truecount="1" falsecount="0"/>
      <line num="39" count="35" type="stmt"/>
      <line num="45" count="35" type="cond" truecount="1" falsecount="0"/>
      <line num="46" count="19" type="stmt"/>
      <line num="49" count="19" type="stmt"/>
      <line num="50" count="19" type="stmt"/>
      <line num="51" count="19" type="stmt"/>
      <line num="52" count="19" type="cond" truecount="2" falsecount="0"/>
      <line num="53" count="19" type="cond" truecount="2" falsecount="0"/>
      <line num="54" count="19" type="stmt"/>
      <line num="57" count="19" type="stmt"/>
      <line num="58" count="19" type="stmt"/>
      <line num="59" count="19" type="stmt"/>
      <line num="60" count="19" type="stmt"/>
      <line num="61" count="19" type="stmt"/>
      <line num="62" count="19" type="cond" truecount="1" falsecount="0"/>
      <line num="63" count="15" type="cond" truecount="1" falsecount="0"/>
      <line num="64" count="4" type="stmt"/>
      <line num="65" count="19" type="stmt"/>
      <line num="68" count="19" type="stmt"/>
      <line num="69" count="19" type="stmt"/>
      <line num="70" count="19" type="stmt"/>
      <line num="71" count="19" type="stmt"/>
      <line num="72" count="19" type="stmt"/>
      <line num="73" count="19" type="cond" truecount="2" falsecount="0"/>
      <line num="74" count="19" type="cond" truecount="2" falsecount="0"/>
      <line num="75" count="19" type="stmt"/>
      <line num="78" count="19" type="cond" truecount="1" falsecount="0"/>
      <line num="79" count="19" type="stmt"/>
      <line num="80" count="19" type="stmt"/>
      <line num="81" count="19" type="stmt"/>
      <line num="82" count="19" type="cond" truecount="2" falsecount="0"/>
      <line num="83" count="19" type="cond" truecount="2" falsecount="0"/>
      <line num="84" count="19" type="stmt"/>
      <line num="87" count="19" type="cond" truecount="1" falsecount="0"/>
      <line num="88" count="19" type="stmt"/>
      <line num="89" count="19" type="cond" truecount="1" falsecount="0"/>
      <line num="90" count="5" type="cond" truecount="1" falsecount="0"/>
      <line num="91" count="5" type="cond" truecount="1" falsecount="0"/>
      <line num="92" count="5" type="cond" truecount="1" falsecount="0"/>
      <line num="93" count="2" type="stmt"/>
      <line num="94" count="2" type="stmt"/>
      <line num="95" count="5" type="stmt"/>
      <line num="96" count="19" type="stmt"/>
      <line num="97" count="19" type="stmt"/>
      <line num="98" count="19" type="stmt"/>
      <line num="99" count="19" type="stmt"/>
      <line num="100" count="19" type="cond" truecount="1" falsecount="0"/>
      <line num="101" count="17" type="cond" truecount="1" falsecount="0"/>
      <line num="102" count="2" type="stmt"/>
      <line num="103" count="19" type="stmt"/>
      <line num="105" count="19" type="stmt"/>
      <line num="106" count="19" type="stmt"/>
      <line num="111" count="35" type="cond" truecount="1" falsecount="0"/>
      <line num="112" count="10" type="cond" truecount="2" falsecount="0"/>
      <line num="113" count="3" type="stmt"/>
      <line num="114" count="3" type="stmt"/>
      <line num="115" count="3" type="stmt"/>
      <line num="116" count="3" type="cond" truecount="1" falsecount="0"/>
      <line num="117" count="3" type="stmt"/>
      <line num="118" count="3" type="cond" truecount="1" falsecount="0"/>
      <line num="121" count="7" type="stmt"/>
      <line num="122" count="7" type="stmt"/>
      <line num="123" count="7" type="stmt"/>
      <line num="125" count="10" type="cond" truecount="1" falsecount="0"/>
      <line num="126" count="14" type="stmt"/>
      <line num="129" count="14" type="cond" truecount="1" falsecount="0"/>
      <line num="131" count="14" type="cond" truecount="1" falsecount="0"/>
      <line num="132" count="13" type="cond" truecount="1" falsecount="0"/>
      <line num="133" count="11" type="stmt"/>
      <line num="134" count="13" type="cond" truecount="1" falsecount="0"/>
      <line num="135" count="2" type="stmt"/>
      <line num="136" count="2" type="stmt"/>
      <line num="137" count="14" type="cond" truecount="1" falsecount="0"/>
      <line num="139" count="1" type="stmt"/>
      <line num="140" count="1" type="stmt"/>
      <line num="141" count="14" type="cond" truecount="1" falsecount="0"/>
      <line num="143" count="10" type="cond" truecount="0" falsecount="1"/>
      <line num="144" count="10" type="stmt"/>
      <line num="146" count="10" type="stmt"/>
      <line num="147" count="10" type="stmt"/>
      <line num="148" count="10" type="stmt"/>
      <line num="149" count="10" type="stmt"/>
      <line num="150" count="10" type="stmt"/>
      <line num="151" count="10" type="stmt"/>
      <line num="156" count="35" type="cond" truecount="1" falsecount="0"/>
      <line num="158" count="12" type="cond" truecount="1" falsecount="0"/>
      <line num="159" count="12" type="stmt"/>
      <line num="160" count="12" type="stmt"/>
      <line num="165" count="35" type="cond" truecount="1" falsecount="0"/>
      <line num="166" count="7" type="stmt"/>
      <line num="167" count="7" type="stmt"/>
      <line num="172" count="35" type="cond" truecount="1" falsecount="0"/>
      <line num="173" count="1" type="stmt"/>
      <line num="174" count="1" type="stmt"/>
      <line num="179" count="35" type="cond" truecount="1" falsecount="0"/>
      <line num="180" count="2" type="stmt"/>
      <line num="181" count="2" type="stmt"/>
      <line num="182" count="2" type="stmt"/>
      <line num="183" count="35" type="stmt"/>
      <line num="185" count="1" type="stmt"/>
    </file>
  </project>
</coverage>
