{"/home/hermes/projects/pixel-pal-web/src/quality/CodeQualityGates.ts": {"path":"/home/hermes/projects/pixel-pal-web/src/quality/CodeQualityGates.ts","all":false,"statementMap":{"37":{"start":{"line":38,"column":0},"end":{"line":38,"column":31}},"38":{"start":{"line":39,"column":0},"end":{"line":39,"column":36}},"44":{"start":{"line":45,"column":0},"end":{"line":45,"column":58}},"45":{"start":{"line":46,"column":0},"end":{"line":46,"column":38}},"48":{"start":{"line":49,"column":0},"end":{"line":49,"column":17}},"49":{"start":{"line":50,"column":0},"end":{"line":50,"column":24}},"50":{"start":{"line":51,"column":0},"end":{"line":51,"column":37}},"51":{"start":{"line":52,"column":0},"end":{"line":52,"column":46}},"52":{"start":{"line":53,"column":0},"end":{"line":53,"column":78}},"53":{"start":{"line":54,"column":0},"end":{"line":54,"column":7}},"56":{"start":{"line":57,"column":0},"end":{"line":57,"column":25}},"57":{"start":{"line":58,"column":0},"end":{"line":58,"column":17}},"58":{"start":{"line":59,"column":0},"end":{"line":59,"column":29}},"59":{"start":{"line":60,"column":0},"end":{"line":60,"column":39}},"60":{"start":{"line":61,"column":0},"end":{"line":61,"column":60}},"61":{"start":{"line":62,"column":0},"end":{"line":62,"column":39}},"62":{"start":{"line":63,"column":0},"end":{"line":63,"column":65}},"63":{"start":{"line":64,"column":0},"end":{"line":64,"column":66}},"64":{"start":{"line":65,"column":0},"end":{"line":65,"column":7}},"67":{"start":{"line":68,"column":0},"end":{"line":68,"column":48}},"68":{"start":{"line":69,"column":0},"end":{"line":69,"column":50}},"69":{"start":{"line":70,"column":0},"end":{"line":70,"column":17}},"70":{"start":{"line":71,"column":0},"end":{"line":71,"column":31}},"71":{"start":{"line":72,"column":0},"end":{"line":72,"column":28}},"72":{"start":{"line":73,"column":0},"end":{"line":73,"column":37}},"73":{"start":{"line":74,"column":0},"end":{"line":74,"column":95}},"74":{"start":{"line":75,"column":0},"end":{"line":75,"column":7}},"77":{"start":{"line":78,"column":0},"end":{"line":78,"column":69}},"78":{"start":{"line":79,"column":0},"end":{"line":79,"column":17}},"79":{"start":{"line":80,"column":0},"end":{"line":80,"column":30}},"80":{"start":{"line":81,"column":0},"end":{"line":81,"column":28}},"81":{"start":{"line":82,"column":0},"end":{"line":82,"column":38}},"82":{"start":{"line":83,"column":0},"end":{"line":83,"column":88}},"83":{"start":{"line":84,"column":0},"end":{"line":84,"column":7}},"86":{"start":{"line":87,"column":0},"end":{"line":87,"column":53}},"87":{"start":{"line":88,"column":0},"end":{"line":88,"column":27}},"88":{"start":{"line":89,"column":0},"end":{"line":89,"column":30}},"89":{"start":{"line":90,"column":0},"end":{"line":90,"column":64}},"90":{"start":{"line":91,"column":0},"end":{"line":91,"column":65}},"91":{"start":{"line":92,"column":0},"end":{"line":92,"column":43}},"92":{"start":{"line":93,"column":0},"end":{"line":93,"column":25}},"93":{"start":{"line":94,"column":0},"end":{"line":94,"column":7}},"94":{"start":{"line":95,"column":0},"end":{"line":95,"column":5}},"95":{"start":{"line":96,"column":0},"end":{"line":96,"column":17}},"96":{"start":{"line":97,"column":0},"end":{"line":97,"column":32}},"97":{"start":{"line":98,"column":0},"end":{"line":98,"column":35}},"98":{"start":{"line":99,"column":0},"end":{"line":99,"column":26}},"99":{"start":{"line":100,"column":0},"end":{"line":100,"column":35}},"100":{"start":{"line":101,"column":0},"end":{"line":101,"column":33}},"101":{"start":{"line":102,"column":0},"end":{"line":102,"column":38}},"102":{"start":{"line":103,"column":0},"end":{"line":103,"column":7}},"104":{"start":{"line":105,"column":0},"end":{"line":105,"column":18}},"105":{"start":{"line":106,"column":0},"end":{"line":106,"column":3}},"110":{"start":{"line":111,"column":0},"end":{"line":111,"column":77}},"111":{"start":{"line":112,"column":0},"end":{"line":112,"column":52}},"112":{"start":{"line":113,"column":0},"end":{"line":113,"column":14}},"113":{"start":{"line":114,"column":0},"end":{"line":114,"column":22}},"114":{"start":{"line":115,"column":0},"end":{"line":115,"column":24}},"115":{"start":{"line":116,"column":0},"end":{"line":116,"column":44}},"116":{"start":{"line":117,"column":0},"end":{"line":117,"column":8}},"117":{"start":{"line":118,"column":0},"end":{"line":118,"column":5}},"120":{"start":{"line":121,"column":0},"end":{"line":121,"column":24}},"121":{"start":{"line":122,"column":0},"end":{"line":122,"column":26}},"122":{"start":{"line":123,"column":0},"end":{"line":123,"column":37}},"124":{"start":{"line":125,"column":0},"end":{"line":125,"column":31}},"125":{"start":{"line":126,"column":0},"end":{"line":126,"column":33}},"128":{"start":{"line":129,"column":0},"end":{"line":129,"column":59}},"130":{"start":{"line":131,"column":0},"end":{"line":131,"column":18}},"131":{"start":{"line":132,"column":0},"end":{"line":132,"column":44}},"132":{"start":{"line":133,"column":0},"end":{"line":133,"column":61}},"133":{"start":{"line":134,"column":0},"end":{"line":134,"column":16}},"134":{"start":{"line":135,"column":0},"end":{"line":135,"column":38}},"135":{"start":{"line":136,"column":0},"end":{"line":136,"column":9}},"136":{"start":{"line":137,"column":0},"end":{"line":137,"column":14}},"138":{"start":{"line":139,"column":0},"end":{"line":139,"column":36}},"139":{"start":{"line":140,"column":0},"end":{"line":140,"column":7}},"140":{"start":{"line":141,"column":0},"end":{"line":141,"column":5}},"142":{"start":{"line":143,"column":0},"end":{"line":143,"column":83}},"143":{"start":{"line":144,"column":0},"end":{"line":144,"column":44}},"145":{"start":{"line":146,"column":0},"end":{"line":146,"column":12}},"146":{"start":{"line":147,"column":0},"end":{"line":147,"column":13}},"147":{"start":{"line":148,"column":0},"end":{"line":148,"column":19}},"148":{"start":{"line":149,"column":0},"end":{"line":149,"column":18}},"149":{"start":{"line":150,"column":0},"end":{"line":150,"column":6}},"150":{"start":{"line":151,"column":0},"end":{"line":151,"column":3}},"155":{"start":{"line":156,"column":0},"end":{"line":156,"column":36}},"157":{"start":{"line":158,"column":0},"end":{"line":158,"column":62}},"158":{"start":{"line":159,"column":0},"end":{"line":159,"column":26}},"159":{"start":{"line":160,"column":0},"end":{"line":160,"column":3}},"164":{"start":{"line":165,"column":0},"end":{"line":165,"column":29}},"165":{"start":{"line":166,"column":0},"end":{"line":166,"column":27}},"166":{"start":{"line":167,"column":0},"end":{"line":167,"column":3}},"171":{"start":{"line":172,"column":0},"end":{"line":172,"column":22}},"172":{"start":{"line":173,"column":0},"end":{"line":173,"column":20}},"173":{"start":{"line":174,"column":0},"end":{"line":174,"column":3}},"178":{"start":{"line":179,"column":0},"end":{"line":179,"column":66}},"179":{"start":{"line":180,"column":0},"end":{"line":180,"column":46}},"180":{"start":{"line":181,"column":0},"end":{"line":181,"column":45}},"181":{"start":{"line":182,"column":0},"end":{"line":182,"column":3}},"182":{"start":{"line":183,"column":0},"end":{"line":183,"column":1}},"184":{"start":{"line":185,"column":0},"end":{"line":185,"column":32}}},"s":{"37":1,"38":35,"44":35,"45":19,"48":19,"49":19,"50":19,"51":19,"52":19,"53":19,"56":19,"57":19,"58":19,"59":19,"60":19,"61":19,"62":15,"63":4,"64":19,"67":19,"68":19,"69":19,"70":19,"71":19,"72":19,"73":19,"74":19,"77":19,"78":19,"79":19,"80":19,"81":19,"82":19,"83":19,"86":19,"87":19,"88":19,"89":5,"90":5,"91":5,"92":2,"93":2,"94":5,"95":19,"96":19,"97":19,"98":19,"99":19,"100":17,"101":2,"102":19,"104":19,"105":19,"110":35,"111":10,"112":3,"113":3,"114":3,"115":3,"116":3,"117":3,"120":7,"121":7,"122":7,"124":10,"125":14,"128":14,"130":14,"131":13,"132":11,"133":13,"134":2,"135":2,"136":14,"138":1,"139":1,"140":14,"142":10,"143":10,"145":10,"146":10,"147":10,"148":10,"149":10,"150":10,"155":35,"157":12,"158":12,"159":12,"164":35,"165":7,"166":7,"171":35,"172":1,"173":1,"178":35,"179":2,"180":2,"181":2,"182":35,"184":1},"branchMap":{"0":{"type":"branch","line":38,"loc":{"start":{"line":38,"column":7},"end":{"line":183,"column":1}},"locations":[{"start":{"line":38,"column":7},"end":{"line":183,"column":1}}]},"1":{"type":"branch","line":45,"loc":{"start":{"line":45,"column":2},"end":{"line":106,"column":3}},"locations":[{"start":{"line":45,"column":2},"end":{"line":106,"column":3}}]},"2":{"type":"branch","line":52,"loc":{"start":{"line":52,"column":34},"end":{"line":52,"column":44}},"locations":[{"start":{"line":52,"column":34},"end":{"line":52,"column":44}}]},"3":{"type":"branch","line":52,"loc":{"start":{"line":52,"column":38},"end":{"line":52,"column":46}},"locations":[{"start":{"line":52,"column":38},"end":{"line":52,"column":46}}]},"4":{"type":"branch","line":53,"loc":{"start":{"line":53,"column":36},"end":{"line":53,"column":62}},"locations":[{"start":{"line":53,"column":36},"end":{"line":53,"column":62}}]},"5":{"type":"branch","line":53,"loc":{"start":{"line":53,"column":40},"end":{"line":53,"column":78}},"locations":[{"start":{"line":53,"column":40},"end":{"line":53,"column":78}}]},"6":{"type":"branch","line":62,"loc":{"start":{"line":62,"column":30},"end":{"line":63,"column":65}},"locations":[{"start":{"line":62,"column":30},"end":{"line":63,"column":65}}]},"7":{"type":"branch","line":63,"loc":{"start":{"line":63,"column":63},"end":{"line":64,"column":66}},"locations":[{"start":{"line":63,"column":63},"end":{"line":64,"column":66}}]},"8":{"type":"branch","line":73,"loc":{"start":{"line":73,"column":13},"end":{"line":73,"column":35}},"locations":[{"start":{"line":73,"column":13},"end":{"line":73,"column":35}}]},"9":{"type":"branch","line":73,"loc":{"start":{"line":73,"column":29},"end":{"line":73,"column":37}},"locations":[{"start":{"line":73,"column":29},"end":{"line":73,"column":37}}]},"10":{"type":"branch","line":74,"loc":{"start":{"line":74,"column":15},"end":{"line":74,"column":60}},"locations":[{"start":{"line":74,"column":15},"end":{"line":74,"column":60}}]},"11":{"type":"branch","line":74,"loc":{"start":{"line":74,"column":31},"end":{"line":74,"column":95}},"locations":[{"start":{"line":74,"column":31},"end":{"line":74,"column":95}}]},"12":{"type":"branch","line":78,"loc":{"start":{"line":78,"column":44},"end":{"line":78,"column":69}},"locations":[{"start":{"line":78,"column":44},"end":{"line":78,"column":69}}]},"13":{"type":"branch","line":82,"loc":{"start":{"line":82,"column":13},"end":{"line":82,"column":35}},"locations":[{"start":{"line":82,"column":13},"end":{"line":82,"column":35}}]},"14":{"type":"branch","line":82,"loc":{"start":{"line":82,"column":29},"end":{"line":82,"column":38}},"locations":[{"start":{"line":82,"column":29},"end":{"line":82,"column":38}}]},"15":{"type":"branch","line":83,"loc":{"start":{"line":83,"column":15},"end":{"line":83,"column":63}},"locations":[{"start":{"line":83,"column":15},"end":{"line":83,"column":63}}]},"16":{"type":"branch","line":83,"loc":{"start":{"line":83,"column":31},"end":{"line":83,"column":88}},"locations":[{"start":{"line":83,"column":31},"end":{"line":83,"column":88}}]},"17":{"type":"branch","line":87,"loc":{"start":{"line":87,"column":45},"end":{"line":87,"column":53}},"locations":[{"start":{"line":87,"column":45},"end":{"line":87,"column":53}}]},"18":{"type":"branch","line":89,"loc":{"start":{"line":89,"column":29},"end":{"line":95,"column":5}},"locations":[{"start":{"line":89,"column":29},"end":{"line":95,"column":5}}]},"19":{"type":"branch","line":90,"loc":{"start":{"line":90,"column":48},"end":{"line":90,"column":57}},"locations":[{"start":{"line":90,"column":48},"end":{"line":90,"column":57}}]},"20":{"type":"branch","line":91,"loc":{"start":{"line":91,"column":49},"end":{"line":91,"column":58}},"locations":[{"start":{"line":91,"column":49},"end":{"line":91,"column":58}}]},"21":{"type":"branch","line":92,"loc":{"start":{"line":92,"column":42},"end":{"line":94,"column":7}},"locations":[{"start":{"line":92,"column":42},"end":{"line":94,"column":7}}]},"22":{"type":"branch","line":100,"loc":{"start":{"line":100,"column":32},"end":{"line":101,"column":33}},"locations":[{"start":{"line":100,"column":32},"end":{"line":101,"column":33}}]},"23":{"type":"branch","line":101,"loc":{"start":{"line":101,"column":10},"end":{"line":102,"column":38}},"locations":[{"start":{"line":101,"column":10},"end":{"line":102,"column":38}}]},"24":{"type":"branch","line":111,"loc":{"start":{"line":111,"column":2},"end":{"line":151,"column":3}},"locations":[{"start":{"line":111,"column":2},"end":{"line":151,"column":3}}]},"25":{"type":"branch","line":112,"loc":{"start":{"line":112,"column":26},"end":{"line":112,"column":51}},"locations":[{"start":{"line":112,"column":26},"end":{"line":112,"column":51}}]},"26":{"type":"branch","line":112,"loc":{"start":{"line":112,"column":51},"end":{"line":118,"column":5}},"locations":[{"start":{"line":112,"column":51},"end":{"line":118,"column":5}}]},"27":{"type":"branch","line":118,"loc":{"start":{"line":118,"column":4},"end":{"line":125,"column":30}},"locations":[{"start":{"line":118,"column":4},"end":{"line":125,"column":30}}]},"28":{"type":"branch","line":125,"loc":{"start":{"line":125,"column":30},"end":{"line":141,"column":5}},"locations":[{"start":{"line":125,"column":30},"end":{"line":141,"column":5}}]},"29":{"type":"branch","line":131,"loc":{"start":{"line":131,"column":17},"end":{"line":137,"column":13}},"locations":[{"start":{"line":131,"column":17},"end":{"line":137,"column":13}}]},"30":{"type":"branch","line":132,"loc":{"start":{"line":132,"column":43},"end":{"line":134,"column":15}},"locations":[{"start":{"line":132,"column":43},"end":{"line":134,"column":15}}]},"31":{"type":"branch","line":134,"loc":{"start":{"line":134,"column":8},"end":{"line":136,"column":9}},"locations":[{"start":{"line":134,"column":8},"end":{"line":136,"column":9}}]},"32":{"type":"branch","line":137,"loc":{"start":{"line":137,"column":6},"end":{"line":140,"column":7}},"locations":[{"start":{"line":137,"column":6},"end":{"line":140,"column":7}}]},"33":{"type":"branch","line":141,"loc":{"start":{"line":141,"column":4},"end":{"line":143,"column":81}},"locations":[{"start":{"line":141,"column":4},"end":{"line":143,"column":81}}]},"34":{"type":"branch","line":143,"loc":{"start":{"line":143,"column":75},"end":{"line":143,"column":83}},"locations":[{"start":{"line":143,"column":75},"end":{"line":143,"column":83}}]},"35":{"type":"branch","line":116,"loc":{"start":{"line":116,"column":31},"end":{"line":116,"column":42}},"locations":[{"start":{"line":116,"column":31},"end":{"line":116,"column":42}}]},"36":{"type":"branch","line":129,"loc":{"start":{"line":129,"column":32},"end":{"line":129,"column":57}},"locations":[{"start":{"line":129,"column":32},"end":{"line":129,"column":57}}]},"37":{"type":"branch","line":156,"loc":{"start":{"line":156,"column":2},"end":{"line":160,"column":3}},"locations":[{"start":{"line":156,"column":2},"end":{"line":160,"column":3}}]},"38":{"type":"branch","line":158,"loc":{"start":{"line":158,"column":35},"end":{"line":158,"column":60}},"locations":[{"start":{"line":158,"column":35},"end":{"line":158,"column":60}}]},"39":{"type":"branch","line":165,"loc":{"start":{"line":165,"column":2},"end":{"line":167,"column":3}},"locations":[{"start":{"line":165,"column":2},"end":{"line":167,"column":3}}]},"40":{"type":"branch","line":172,"loc":{"start":{"line":172,"column":2},"end":{"line":174,"column":3}},"locations":[{"start":{"line":172,"column":2},"end":{"line":174,"column":3}}]},"41":{"type":"branch","line":179,"loc":{"start":{"line":179,"column":2},"end":{"line":182,"column":3}},"locations":[{"start":{"line":179,"column":2},"end":{"line":182,"column":3}}]}},"b":{"0":[35],"1":[19],"2":[17],"3":[2],"4":[17],"5":[2],"6":[15],"7":[4],"8":[18],"9":[1],"10":[18],"11":[1],"12":[16],"13":[3],"14":[16],"15":[3],"16":[16],"17":[14],"18":[5],"19":[1],"20":[1],"21":[2],"22":[17],"23":[2],"24":[10],"25":[8],"26":[3],"27":[7],"28":[14],"29":[13],"30":[11],"31":[2],"32":[1],"33":[7],"34":[0],"35":[1],"36":[20],"37":[12],"38":[5],"39":[7],"40":[1],"41":[2]},"fnMap":{"0":{"name":"<instance_members_initializer>","decl":{"start":{"line":38,"column":7},"end":{"line":183,"column":1}},"loc":{"start":{"line":38,"column":7},"end":{"line":183,"column":1}},"line":38},"1":{"name":"runChecks","decl":{"start":{"line":45,"column":2},"end":{"line":106,"column":3}},"loc":{"start":{"line":45,"column":2},"end":{"line":106,"column":3}},"line":45},"2":{"name":"evaluate","decl":{"start":{"line":111,"column":2},"end":{"line":151,"column":3}},"loc":{"start":{"line":111,"column":2},"end":{"line":151,"column":3}},"line":111},"3":{"name":"setGate","decl":{"start":{"line":156,"column":2},"end":{"line":160,"column":3}},"loc":{"start":{"line":156,"column":2},"end":{"line":160,"column":3}},"line":156},"4":{"name":"getGates","decl":{"start":{"line":165,"column":2},"end":{"line":167,"column":3}},"loc":{"start":{"line":165,"column":2},"end":{"line":167,"column":3}},"line":165},"5":{"name":"clearGates","decl":{"start":{"line":172,"column":2},"end":{"line":174,"column":3}},"loc":{"start":{"line":172,"column":2},"end":{"line":174,"column":3}},"line":172},"6":{"name":"runAndEvaluate","decl":{"start":{"line":179,"column":2},"end":{"line":182,"column":3}},"loc":{"start":{"line":179,"column":2},"end":{"line":182,"column":3}},"line":179}},"f":{"0":35,"1":19,"2":10,"3":12,"4":7,"5":1,"6":2}}
}
